<?xml version="1.0" encoding="UTF-8"?>
<!-- Generated by org.testng.reporters.JUnitXMLReporter -->
<testsuite ignored="9" hostname="DESKTOP-5DS53NE" failures="0" tests="4" name="Test" time="20.925" errors="0" timestamp="2022-05-25T19:46:31 IST">
  <testcase classname="SauceDemoTestNGAnnotations.BaseTestClass" name="@BeforeClass openBrowser" time="0.001">
    <failure type="java.lang.NullPointerException" message="Cannot invoke &amp;quot;org.openqa.selenium.WebDriver.get(String)&amp;quot; because &amp;quot;this.driver&amp;quot; is null">
      <![CDATA[java.lang.NullPointerException: Cannot invoke "org.openqa.selenium.WebDriver.get(String)" because "this.driver" is null
at SauceDemoTestNGAnnotations.BaseTestClass.openBrowser(BaseTestClass.java:52)
at java.base/java.util.ArrayList.forEach(ArrayList.java:1511)
at java.base/java.util.concurrent.FutureTask.run(FutureTask.java:264)
at java.base/java.util.concurrent.ThreadPoolExecutor.runWorker(ThreadPoolExecutor.java:1136)
at java.base/java.util.concurrent.ThreadPoolExecutor$Worker.run(ThreadPoolExecutor.java:635)
at java.base/java.lang.Thread.run(Thread.java:833)
... Removed 16 stack frames]]>
    </failure>
  </testcase> <!-- @BeforeClass openBrowser -->
  <testcase classname="SauceDemoTestNGAnnotations.BaseTestClass" name="@BeforeMethod logineMethod" time="-1.653488174592E9">
    <skipped/>
  </testcase> <!-- @BeforeMethod logineMethod -->
  <testcase classname="SauceDemoTestNGAnnotations.BaseTestClass" name="@AfterMethod logout" time="-1.653488174602E9">
    <skipped/>
  </testcase> <!-- @AfterMethod logout -->
  <testcase classname="SauceDemoTestNGAnnotations.BaseTestClass" name="@AfterClass closeBrowser" time="-1.653488174606E9">
    <skipped/>
  </testcase> <!-- @AfterClass closeBrowser -->
  <testcase classname="SauceDemoTestNGAnnotations.BaseTestClass" name="@BeforeClass openBrowser" time="0.0">
    <failure type="java.lang.NullPointerException" message="Cannot invoke &amp;quot;org.openqa.selenium.WebDriver.get(String)&amp;quot; because &amp;quot;this.driver&amp;quot; is null">
      <![CDATA[java.lang.NullPointerException: Cannot invoke "org.openqa.selenium.WebDriver.get(String)" because "this.driver" is null
at SauceDemoTestNGAnnotations.BaseTestClass.openBrowser(BaseTestClass.java:52)
at java.base/java.util.ArrayList.forEach(ArrayList.java:1511)
at java.base/java.util.concurrent.FutureTask.run(FutureTask.java:264)
at java.base/java.util.concurrent.ThreadPoolExecutor.runWorker(ThreadPoolExecutor.java:1136)
at java.base/java.util.concurrent.ThreadPoolExecutor$Worker.run(ThreadPoolExecutor.java:635)
at java.base/java.lang.Thread.run(Thread.java:833)
... Removed 16 stack frames]]>
    </failure>
  </testcase> <!-- @BeforeClass openBrowser -->
  <testcase classname="SauceDemoTestNGAnnotations.BaseTestClass" name="@BeforeMethod logineMethod" time="-1.653488191623E9">
    <skipped/>
  </testcase> <!-- @BeforeMethod logineMethod -->
  <testcase classname="SauceDemoTestNGAnnotations.BaseTestClass" name="@AfterMethod logout" time="-1.653488191623E9">
    <skipped/>
  </testcase> <!-- @AfterMethod logout -->
  <testcase classname="SauceDemoTestNGAnnotations.BaseTestClass" name="@AfterClass closeBrowser" time="-1.653488191623E9">
    <skipped/>
  </testcase> <!-- @AfterClass closeBrowser -->
  <testcase classname="SauceDemoTestNGAnnotations.BaseTestClass" name="@BeforeClass openBrowser" time="0.0">
    <failure type="java.lang.NullPointerException" message="Cannot invoke &amp;quot;org.openqa.selenium.WebDriver.get(String)&amp;quot; because &amp;quot;this.driver&amp;quot; is null">
      <![CDATA[java.lang.NullPointerException: Cannot invoke "org.openqa.selenium.WebDriver.get(String)" because "this.driver" is null
at SauceDemoTestNGAnnotations.BaseTestClass.openBrowser(BaseTestClass.java:52)
at java.base/java.util.ArrayList.forEach(ArrayList.java:1511)
at java.base/java.util.concurrent.FutureTask.run(FutureTask.java:264)
at java.base/java.util.concurrent.ThreadPoolExecutor.runWorker(ThreadPoolExecutor.java:1136)
at java.base/java.util.concurrent.ThreadPoolExecutor$Worker.run(ThreadPoolExecutor.java:635)
at java.base/java.lang.Thread.run(Thread.java:833)
... Removed 16 stack frames]]>
    </failure>
  </testcase> <!-- @BeforeClass openBrowser -->
  <testcase classname="SauceDemoTestNGAnnotations.BaseTestClass" name="@BeforeMethod logineMethod" time="-1.653488191623E9">
    <skipped/>
  </testcase> <!-- @BeforeMethod logineMethod -->
  <testcase classname="SauceDemoTestNGAnnotations.BaseTestClass" name="@AfterMethod logout" time="-1.653488191639E9">
    <skipped/>
  </testcase> <!-- @AfterMethod logout -->
  <testcase classname="SauceDemoTestNGAnnotations.BaseTestClass" name="@AfterClass closeBrowser" time="-1.65348819164E9">
    <skipped/>
  </testcase> <!-- @AfterClass closeBrowser -->
  <testcase classname="SauceDemoTestNGAnnotations.TC1LoginFunctionality" name="loginMethod" time="0.0">
    <skipped/>
  </testcase> <!-- loginMethod -->
  <testcase classname="SauceDemoTestNGAnnotations.TC03FilterValidation" name="filter" time="0.312"/>
  <testcase classname="SauceDemoTestNGAnnotations.TC04SelectProduct" name="selectProduct" time="0.0">
    <skipped/>
  </testcase> <!-- selectProduct -->
  <testcase classname="SauceDemoTestNGAnnotations.TC02AddToCartValidation" name="addToCart" time="0.0">
    <skipped/>
  </testcase> <!-- addToCart -->
  <testcase classname="SauceDemoTestNGAnnotations.BaseTestClass" name="@BeforeTest setDriver" time="0.0">
    <ignored/>
  </testcase> <!-- @BeforeTest setDriver -->
  <testcase classname="SauceDemoTestNGAnnotations.BaseTestClass" name="@BeforeTest setDriver" time="0.0">
    <ignored/>
  </testcase> <!-- @BeforeTest setDriver -->
  <testcase classname="SauceDemoTestNGAnnotations.BaseTestClass" name="@BeforeTest setDriver" time="0.0">
    <ignored/>
  </testcase> <!-- @BeforeTest setDriver -->
  <testcase classname="SauceDemoTestNGAnnotations.BaseTestClass" name="@BeforeSuite seetup" time="0.0">
    <ignored/>
  </testcase> <!-- @BeforeSuite seetup -->
  <testcase classname="SauceDemoTestNGAnnotations.BaseTestClass" name="@BeforeSuite seetup" time="0.0">
    <ignored/>
  </testcase> <!-- @BeforeSuite seetup -->
  <testcase classname="SauceDemoTestNGAnnotations.BaseTestClass" name="@BeforeSuite seetup" time="0.0">
    <ignored/>
  </testcase> <!-- @BeforeSuite seetup -->
  <testcase classname="SauceDemoTestNGAnnotations.BaseTestClass" name="@AfterTest finalizeMethod" time="0.0">
    <ignored/>
  </testcase> <!-- @AfterTest finalizeMethod -->
  <testcase classname="SauceDemoTestNGAnnotations.BaseTestClass" name="@AfterTest finalizeMethod" time="0.0">
    <ignored/>
  </testcase> <!-- @AfterTest finalizeMethod -->
  <testcase classname="SauceDemoTestNGAnnotations.BaseTestClass" name="@AfterTest finalizeMethod" time="0.0">
    <ignored/>
  </testcase> <!-- @AfterTest finalizeMethod -->
</testsuite> <!-- Test -->
