<?xml version="1.0" encoding="UTF-8"?>
<!-- Generated by org.testng.reporters.JUnitXMLReporter -->
<testsuite ignored="0" hostname="DESKTOP-5DS53NE" failures="0" tests="4" name="MsEdgeTest" time="0.013" errors="0" timestamp="2022-05-29T23:32:31 IST">
  <testcase classname="SauceDemoTestNGAnnotations.BaseTestClass" name="@BeforeClass setBrowser" time="0.0">
    <failure type="java.lang.NullPointerException" message="Cannot invoke &amp;quot;org.openqa.selenium.WebDriver.get(String)&amp;quot; because &amp;quot;this.driver&amp;quot; is null">
      <![CDATA[java.lang.NullPointerException: Cannot invoke "org.openqa.selenium.WebDriver.get(String)" because "this.driver" is null
at SauceDemoTestNGAnnotations.BaseTestClass.setBrowser(BaseTestClass.java:77)
at java.base/java.util.concurrent.ThreadPoolExecutor.runWorker(ThreadPoolExecutor.java:1136)
at java.base/java.util.concurrent.ThreadPoolExecutor$Worker.run(ThreadPoolExecutor.java:635)
at java.base/java.lang.Thread.run(Thread.java:833)
... Removed 10 stack frames]]>
    </failure>
  </testcase> <!-- @BeforeClass setBrowser -->
  <testcase classname="SauceDemoTestNGAnnotations.BaseTestClass" name="@BeforeClass setBrowser" time="0.0">
    <failure type="java.lang.NullPointerException" message="Cannot invoke &amp;quot;org.openqa.selenium.WebDriver.get(String)&amp;quot; because &amp;quot;this.driver&amp;quot; is null">
      <![CDATA[java.lang.NullPointerException: Cannot invoke "org.openqa.selenium.WebDriver.get(String)" because "this.driver" is null
at SauceDemoTestNGAnnotations.BaseTestClass.setBrowser(BaseTestClass.java:77)
at java.base/java.util.concurrent.ThreadPoolExecutor.runWorker(ThreadPoolExecutor.java:1136)
at java.base/java.util.concurrent.ThreadPoolExecutor$Worker.run(ThreadPoolExecutor.java:635)
at java.base/java.lang.Thread.run(Thread.java:833)
... Removed 10 stack frames]]>
    </failure>
  </testcase> <!-- @BeforeClass setBrowser -->
  <testcase classname="SauceDemoTestNGAnnotations.BaseTestClass" name="@BeforeClass setBrowser" time="0.0">
    <failure type="java.lang.NullPointerException" message="Cannot invoke &amp;quot;org.openqa.selenium.WebDriver.get(String)&amp;quot; because &amp;quot;this.driver&amp;quot; is null">
      <![CDATA[java.lang.NullPointerException: Cannot invoke "org.openqa.selenium.WebDriver.get(String)" because "this.driver" is null
at SauceDemoTestNGAnnotations.BaseTestClass.setBrowser(BaseTestClass.java:77)
at java.base/java.util.concurrent.ThreadPoolExecutor.runWorker(ThreadPoolExecutor.java:1136)
at java.base/java.util.concurrent.ThreadPoolExecutor$Worker.run(ThreadPoolExecutor.java:635)
at java.base/java.lang.Thread.run(Thread.java:833)
... Removed 10 stack frames]]>
    </failure>
  </testcase> <!-- @BeforeClass setBrowser -->
  <testcase classname="SauceDemoTestNGAnnotations.BaseTestClass" name="@BeforeClass setBrowser" time="0.0">
    <failure type="java.lang.NullPointerException" message="Cannot invoke &amp;quot;org.openqa.selenium.WebDriver.get(String)&amp;quot; because &amp;quot;this.driver&amp;quot; is null">
      <![CDATA[java.lang.NullPointerException: Cannot invoke "org.openqa.selenium.WebDriver.get(String)" because "this.driver" is null
at SauceDemoTestNGAnnotations.BaseTestClass.setBrowser(BaseTestClass.java:77)
at java.base/java.util.concurrent.ThreadPoolExecutor.runWorker(ThreadPoolExecutor.java:1136)
at java.base/java.util.concurrent.ThreadPoolExecutor$Worker.run(ThreadPoolExecutor.java:635)
at java.base/java.lang.Thread.run(Thread.java:833)
... Removed 10 stack frames]]>
    </failure>
  </testcase> <!-- @BeforeClass setBrowser -->
  <testcase classname="SauceDemoTestNGAnnotations.BaseTestClass" name="@BeforeMethod logineMethod" time="-1.6538473512E9">
    <skipped/>
  </testcase> <!-- @BeforeMethod logineMethod -->
  <testcase classname="SauceDemoTestNGAnnotations.BaseTestClass" name="@BeforeMethod logineMethod" time="-1.6538473512E9">
    <skipped/>
  </testcase> <!-- @BeforeMethod logineMethod -->
  <testcase classname="SauceDemoTestNGAnnotations.BaseTestClass" name="@BeforeMethod logineMethod" time="-1.6538473512E9">
    <skipped/>
  </testcase> <!-- @BeforeMethod logineMethod -->
  <testcase classname="SauceDemoTestNGAnnotations.BaseTestClass" name="@BeforeMethod logineMethod" time="-1.653847351201E9">
    <skipped/>
  </testcase> <!-- @BeforeMethod logineMethod -->
  <testcase classname="SauceDemoTestNGAnnotations.BaseTestClass" name="@AfterMethod logout" time="-1.653847351203E9">
    <skipped/>
  </testcase> <!-- @AfterMethod logout -->
  <testcase classname="SauceDemoTestNGAnnotations.BaseTestClass" name="@AfterMethod logout" time="-1.653847351203E9">
    <skipped/>
  </testcase> <!-- @AfterMethod logout -->
  <testcase classname="SauceDemoTestNGAnnotations.BaseTestClass" name="@AfterClass closeBrowser" time="-1.653847351205E9">
    <skipped/>
  </testcase> <!-- @AfterClass closeBrowser -->
  <testcase classname="SauceDemoTestNGAnnotations.BaseTestClass" name="@AfterClass closeBrowser" time="-1.653847351205E9">
    <skipped/>
  </testcase> <!-- @AfterClass closeBrowser -->
  <testcase classname="SauceDemoTestNGAnnotations.BaseTestClass" name="@AfterMethod logout" time="-1.653847351207E9">
    <skipped/>
  </testcase> <!-- @AfterMethod logout -->
  <testcase classname="SauceDemoTestNGAnnotations.BaseTestClass" name="@AfterMethod logout" time="-1.653847351207E9">
    <skipped/>
  </testcase> <!-- @AfterMethod logout -->
  <testcase classname="SauceDemoTestNGAnnotations.BaseTestClass" name="@AfterClass closeBrowser" time="-1.653847351208E9">
    <skipped/>
  </testcase> <!-- @AfterClass closeBrowser -->
  <testcase classname="SauceDemoTestNGAnnotations.BaseTestClass" name="@AfterClass closeBrowser" time="-1.653847351208E9">
    <skipped/>
  </testcase> <!-- @AfterClass closeBrowser -->
  <testcase classname="SauceDemoTestNGAnnotations.TC03FilterValidation" name="filter" time="0.0">
    <skipped/>
  </testcase> <!-- filter -->
  <testcase classname="SauceDemoTestNGAnnotations.TC02AddToCartValidation" name="addToCart" time="0.0">
    <skipped/>
  </testcase> <!-- addToCart -->
  <testcase classname="SauceDemoTestNGAnnotations.TC1LoginFunctionality" name="loginFunction" time="0.0">
    <skipped/>
  </testcase> <!-- loginFunction -->
  <testcase classname="SauceDemoTestNGAnnotations.TC04SelectProduct" name="selectProduct" time="0.0">
    <skipped/>
  </testcase> <!-- selectProduct -->
</testsuite> <!-- MsEdgeTest -->
